cl : command line warning D9035: option 'Gm' has been deprecated and will be removed in a future release
  spacewar.cpp
D:\School\GPP Programs\GPP Assignment 1\Escape\Escape\constants.h(74,27): warning C4305: 'initializing': truncation from 'double' to 'float'
D:\School\GPP Programs\GPP Assignment 1\Escape\Escape\entity.h(17,31): warning C4305: 'initializing': truncation from 'double' to 'float'
D:\School\GPP Programs\GPP Assignment 1\Escape\Escape\spacewar.cpp(55,31): warning C4244: 'argument': conversion from 'int' to 'float', possible loss of data
D:\School\GPP Programs\GPP Assignment 1\Escape\Escape\spacewar.cpp(56,31): warning C4244: 'argument': conversion from 'int' to 'float', possible loss of data
D:\School\GPP Programs\GPP Assignment 1\Escape\Escape\spacewar.cpp(64,32): warning C4244: 'argument': conversion from 'int' to 'float', possible loss of data
D:\School\GPP Programs\GPP Assignment 1\Escape\Escape\spacewar.cpp(65,32): warning C4244: 'argument': conversion from 'int' to 'float', possible loss of data
D:\School\GPP Programs\GPP Assignment 1\Escape\Escape\spacewar.cpp(73,34): warning C4244: 'argument': conversion from 'int' to 'float', possible loss of data
D:\School\GPP Programs\GPP Assignment 1\Escape\Escape\spacewar.cpp(74,34): warning C4244: 'argument': conversion from 'int' to 'float', possible loss of data
D:\School\GPP Programs\GPP Assignment 1\Escape\Escape\spacewar.cpp(82,31): warning C4244: 'argument': conversion from 'int' to 'float', possible loss of data
D:\School\GPP Programs\GPP Assignment 1\Escape\Escape\spacewar.cpp(83,31): warning C4244: 'argument': conversion from 'int' to 'float', possible loss of data
D:\School\GPP Programs\GPP Assignment 1\Escape\Escape\spacewar.cpp(97,23): warning C4018: '<': signed/unsigned mismatch
D:\School\GPP Programs\GPP Assignment 1\Escape\Escape\spacewar.cpp(100,23): warning C4018: '<': signed/unsigned mismatch
D:\School\GPP Programs\GPP Assignment 1\Escape\Escape\spacewar.cpp(103,23): warning C4018: '<': signed/unsigned mismatch
D:\School\GPP Programs\GPP Assignment 1\Escape\Escape\spacewar.cpp(106,23): warning C4018: '<': signed/unsigned mismatch
D:\School\GPP Programs\GPP Assignment 1\Escape\Escape\spacewar.cpp(132,23): warning C4018: '<': signed/unsigned mismatch
D:\School\GPP Programs\GPP Assignment 1\Escape\Escape\spacewar.cpp(135,23): warning C4018: '<': signed/unsigned mismatch
D:\School\GPP Programs\GPP Assignment 1\Escape\Escape\spacewar.cpp(138,23): warning C4018: '<': signed/unsigned mismatch
D:\School\GPP Programs\GPP Assignment 1\Escape\Escape\spacewar.cpp(141,23): warning C4018: '<': signed/unsigned mismatch
  PlanetCollision.vcxproj -> D:\School\GPP Programs\GPP Assignment 1\Escape\Escape\Debug\PlanetCollision.exe
